root@msr-test-instance-1:~/test# docker-compose up
Building webapp
Step 1/5 : FROM ubuntu:16.04
16.04: Pulling from library/ubuntu
7b8b6451c85f: Pull complete
ab4d1096d9ba: Pull complete
e6797d1788ac: Pull complete
e25c5c290bde: Pull complete
Digest: sha256:e547ecaba7d078800c358082088e6cc710c3affd1b975601792ec701c80cdd39
Status: Downloaded newer image for ubuntu:16.04
 ---> a51debf7e1eb
Step 2/5 : RUN apt-get update && apt-get install -y git
 ---> Running in 11b3c119af59
Get:1 http://security.ubuntu.com/ubuntu xenial-security InRelease [107 kB]
Get:2 http://security.ubuntu.com/ubuntu xenial-security/main amd64 Packages [752 kB]
Get:3 http://archive.ubuntu.com/ubuntu xenial InRelease [247 kB]
Get:4 http://security.ubuntu.com/ubuntu xenial-security/restricted amd64 Packages [12.7 kB]
Get:5 http://security.ubuntu.com/ubuntu xenial-security/universe amd64 Packages [517 kB]
Get:6 http://security.ubuntu.com/ubuntu xenial-security/multiverse amd64 Packages [4026 B]
Get:7 http://archive.ubuntu.com/ubuntu xenial-updates InRelease [109 kB]
Get:8 http://archive.ubuntu.com/ubuntu xenial-backports InRelease [107 kB]
Get:9 http://archive.ubuntu.com/ubuntu xenial/main amd64 Packages [1558 kB]
Get:10 http://archive.ubuntu.com/ubuntu xenial/restricted amd64 Packages [14.1 kB]
Get:11 http://archive.ubuntu.com/ubuntu xenial/universe amd64 Packages [9827 kB]
Get:12 http://archive.ubuntu.com/ubuntu xenial/multiverse amd64 Packages [176 kB]
Get:13 http://archive.ubuntu.com/ubuntu xenial-updates/main amd64 Packages [1154 kB]
Get:14 http://archive.ubuntu.com/ubuntu xenial-updates/restricted amd64 Packages [13.1 kB]
Get:15 http://archive.ubuntu.com/ubuntu xenial-updates/universe amd64 Packages [921 kB]
Get:16 http://archive.ubuntu.com/ubuntu xenial-updates/multiverse amd64 Packages [19.0 kB]
Get:17 http://archive.ubuntu.com/ubuntu xenial-backports/main amd64 Packages [7959 B]
Get:18 http://archive.ubuntu.com/ubuntu xenial-backports/universe amd64 Packages [8532 B]
Fetched 15.6 MB in 2s (6309 kB/s)
Reading package lists...
Reading package lists...
Building dependency tree...
Reading state information...
The following additional packages will be installed:
  ca-certificates git-man ifupdown iproute2 isc-dhcp-client isc-dhcp-common
  krb5-locales less libasn1-8-heimdal libatm1 libbsd0 libcurl3-gnutls
  libdns-export162 libedit2 liberror-perl libexpat1 libffi6 libgdbm3 libgmp10
  libgnutls30 libgssapi-krb5-2 libgssapi3-heimdal libhcrypto4-heimdal
  libheimbase1-heimdal libheimntlm0-heimdal libhogweed4 libhx509-5-heimdal
  libidn11 libisc-export160 libk5crypto3 libkeyutils1 libkrb5-26-heimdal
  libkrb5-3 libkrb5support0 libldap-2.4-2 libmnl0 libnettle6 libp11-kit0
  libperl5.22 libpopt0 libroken18-heimdal librtmp1 libsasl2-2 libsasl2-modules
  libsasl2-modules-db libsqlite3-0 libssl1.0.0 libtasn1-6 libwind0-heimdal
  libx11-6 libx11-data libxau6 libxcb1 libxdmcp6 libxext6 libxmuu1
  libxtables11 netbase openssh-client openssl patch perl perl-base
  perl-modules-5.22 rename rsync xauth
Suggested packages:
  gettext-base git-daemon-run | git-daemon-sysvinit git-doc git-el git-email
  git-gui gitk gitweb git-arch git-cvs git-mediawiki git-svn ppp rdnssd
  iproute2-doc resolvconf avahi-autoipd isc-dhcp-client-ddns apparmor
  gnutls-bin krb5-doc krb5-user libsasl2-modules-otp libsasl2-modules-ldap
  libsasl2-modules-sql libsasl2-modules-gssapi-mit
  | libsasl2-modules-gssapi-heimdal ssh-askpass libpam-ssh keychain
  monkeysphere ed diffutils-doc perl-doc libterm-readline-gnu-perl
  | libterm-readline-perl-perl make openssh-server
The following NEW packages will be installed:
  ca-certificates git git-man ifupdown iproute2 isc-dhcp-client
  isc-dhcp-common krb5-locales less libasn1-8-heimdal libatm1 libbsd0
  libcurl3-gnutls libdns-export162 libedit2 liberror-perl libexpat1 libffi6
  libgdbm3 libgmp10 libgnutls30 libgssapi-krb5-2 libgssapi3-heimdal
  libhcrypto4-heimdal libheimbase1-heimdal libheimntlm0-heimdal libhogweed4
  libhx509-5-heimdal libidn11 libisc-export160 libk5crypto3 libkeyutils1
  libkrb5-26-heimdal libkrb5-3 libkrb5support0 libldap-2.4-2 libmnl0
  libnettle6 libp11-kit0 libperl5.22 libpopt0 libroken18-heimdal librtmp1
  libsasl2-2 libsasl2-modules libsasl2-modules-db libsqlite3-0 libssl1.0.0
  libtasn1-6 libwind0-heimdal libx11-6 libx11-data libxau6 libxcb1 libxdmcp6
  libxext6 libxmuu1 libxtables11 netbase openssh-client openssl patch perl
  perl-modules-5.22 rename rsync xauth
The following packages will be upgraded:
  perl-base
1 upgraded, 67 newly installed, 0 to remove and 4 not upgraded.
Need to get 20.7 MB of archives.
After this operation, 98.3 MB of additional disk space will be used.
Get:1 http://archive.ubuntu.com/ubuntu xenial-updates/main amd64 perl-base amd64 5.22.1-9ubuntu0.6 [1283 kB]
Get:2 http://archive.ubuntu.com/ubuntu xenial/main amd64 libatm1 amd64 1:2.5.1-1.5 [24.2 kB]
Get:3 http://archive.ubuntu.com/ubuntu xenial/main amd64 libmnl0 amd64 1.0.3-5 [12.0 kB]
Get:4 http://archive.ubuntu.com/ubuntu xenial/main amd64 libpopt0 amd64 1.16-10 [26.0 kB]
Get:5 http://archive.ubuntu.com/ubuntu xenial/main amd64 libgdbm3 amd64 1.8.3-13.1 [16.9 kB]
Get:6 http://archive.ubuntu.com/ubuntu xenial/main amd64 libxau6 amd64 1:1.0.8-1 [8376 B]
Get:7 http://archive.ubuntu.com/ubuntu xenial/main amd64 libxdmcp6 amd64 1:1.1.2-1.1 [11.0 kB]
Get:8 http://archive.ubuntu.com/ubuntu xenial/main amd64 libxcb1 amd64 1.11.1-1ubuntu1 [40.0 kB]
Get:9 http://archive.ubuntu.com/ubuntu xenial-updates/main amd64 libx11-data all 2:1.6.3-1ubuntu2.1 [113 kB]
Get:10 http://archive.ubuntu.com/ubuntu xenial-updates/main amd64 libx11-6 amd64 2:1.6.3-1ubuntu2.1 [570 kB]
Get:11 http://archive.ubuntu.com/ubuntu xenial/main amd64 libxext6 amd64 2:1.3.3-1 [29.4 kB]
Get:12 http://archive.ubuntu.com/ubuntu xenial-updates/main amd64 perl-modules-5.22 all 5.22.1-9ubuntu0.6 [2629 kB]
Get:13 http://archive.ubuntu.com/ubuntu xenial-updates/main amd64 libperl5.22 amd64 5.22.1-9ubuntu0.6 [3405 kB]
Get:14 http://archive.ubuntu.com/ubuntu xenial-updates/main amd64 perl amd64 5.22.1-9ubuntu0.6 [237 kB]
Get:15 http://archive.ubuntu.com/ubuntu xenial-updates/main amd64 iproute2 amd64 4.3.0-1ubuntu3.16.04.4 [521 kB]
Get:16 http://archive.ubuntu.com/ubuntu xenial-updates/main amd64 ifupdown amd64 0.8.10ubuntu1.4 [54.9 kB]
Get:17 http://archive.ubuntu.com/ubuntu xenial-updates/main amd64 libisc-export160 amd64 1:9.10.3.dfsg.P4-8ubuntu1.11 [153 kB]
Get:18 http://archive.ubuntu.com/ubuntu xenial-updates/main amd64 libdns-export162 amd64 1:9.10.3.dfsg.P4-8ubuntu1.11 [667 kB]
Get:19 http://archive.ubuntu.com/ubuntu xenial-updates/main amd64 isc-dhcp-client amd64 4.3.3-5ubuntu12.10 [224 kB]
Get:20 http://archive.ubuntu.com/ubuntu xenial-updates/main amd64 isc-dhcp-common amd64 4.3.3-5ubuntu12.10 [105 kB]
Get:21 http://archive.ubuntu.com/ubuntu xenial-updates/main amd64 less amd64 481-2.1ubuntu0.2 [110 kB]
Get:22 http://archive.ubuntu.com/ubuntu xenial/main amd64 libbsd0 amd64 0.8.2-1 [41.7 kB]
Get:23 http://archive.ubuntu.com/ubuntu xenial-updates/main amd64 libexpat1 amd64 2.1.0-7ubuntu0.16.04.3 [71.2 kB]
Get:24 http://archive.ubuntu.com/ubuntu xenial/main amd64 libffi6 amd64 3.2.1-4 [17.8 kB]
Get:25 http://archive.ubuntu.com/ubuntu xenial/main amd64 libgmp10 amd64 2:6.1.0+dfsg-2 [240 kB]
Get:26 http://archive.ubuntu.com/ubuntu xenial-updates/main amd64 libnettle6 amd64 3.2-1ubuntu0.16.04.1 [93.5 kB]
Get:27 http://archive.ubuntu.com/ubuntu xenial-updates/main amd64 libhogweed4 amd64 3.2-1ubuntu0.16.04.1 [136 kB]
Get:28 http://archive.ubuntu.com/ubuntu xenial-updates/main amd64 libidn11 amd64 1.32-3ubuntu1.2 [46.5 kB]
Get:29 http://archive.ubuntu.com/ubuntu xenial-updates/main amd64 libp11-kit0 amd64 0.23.2-5~ubuntu16.04.1 [105 kB]
Get:30 http://archive.ubuntu.com/ubuntu xenial-updates/main amd64 libtasn1-6 amd64 4.7-3ubuntu0.16.04.3 [43.5 kB]
Get:31 http://archive.ubuntu.com/ubuntu xenial-updates/main amd64 libgnutls30 amd64 3.4.10-4ubuntu1.4 [548 kB]
Get:32 http://archive.ubuntu.com/ubuntu xenial/main amd64 libsqlite3-0 amd64 3.11.0-1ubuntu1 [396 kB]
Get:33 http://archive.ubuntu.com/ubuntu xenial-updates/main amd64 libssl1.0.0 amd64 1.0.2g-1ubuntu4.14 [1085 kB]
Get:34 http://archive.ubuntu.com/ubuntu xenial/main amd64 libxtables11 amd64 1.6.0-2ubuntu3 [27.2 kB]
Get:35 http://archive.ubuntu.com/ubuntu xenial/main amd64 netbase all 5.3 [12.9 kB]
Get:36 http://archive.ubuntu.com/ubuntu xenial-updates/main amd64 openssl amd64 1.0.2g-1ubuntu4.14 [492 kB]
Get:37 http://archive.ubuntu.com/ubuntu xenial-updates/main amd64 ca-certificates all 20170717~16.04.1 [168 kB]
Get:38 http://archive.ubuntu.com/ubuntu xenial-updates/main amd64 krb5-locales all 1.13.2+dfsg-5ubuntu2 [13.2 kB]
Get:39 http://archive.ubuntu.com/ubuntu xenial-updates/main amd64 libroken18-heimdal amd64 1.7~git20150920+dfsg-4ubuntu1.16.04.1 [41.4 kB]
Get:40 http://archive.ubuntu.com/ubuntu xenial-updates/main amd64 libasn1-8-heimdal amd64 1.7~git20150920+dfsg-4ubuntu1.16.04.1 [174 kB]
Get:41 http://archive.ubuntu.com/ubuntu xenial-updates/main amd64 libkrb5support0 amd64 1.13.2+dfsg-5ubuntu2 [30.8 kB]
Get:42 http://archive.ubuntu.com/ubuntu xenial-updates/main amd64 libk5crypto3 amd64 1.13.2+dfsg-5ubuntu2 [81.2 kB]
Get:43 http://archive.ubuntu.com/ubuntu xenial/main amd64 libkeyutils1 amd64 1.5.9-8ubuntu1 [9904 B]
Get:44 http://archive.ubuntu.com/ubuntu xenial-updates/main amd64 libkrb5-3 amd64 1.13.2+dfsg-5ubuntu2 [273 kB]
Get:45 http://archive.ubuntu.com/ubuntu xenial-updates/main amd64 libgssapi-krb5-2 amd64 1.13.2+dfsg-5ubuntu2 [120 kB]
Get:46 http://archive.ubuntu.com/ubuntu xenial-updates/main amd64 libhcrypto4-heimdal amd64 1.7~git20150920+dfsg-4ubuntu1.16.04.1 [85.0 kB]
Get:47 http://archive.ubuntu.com/ubuntu xenial-updates/main amd64 libheimbase1-heimdal amd64 1.7~git20150920+dfsg-4ubuntu1.16.04.1 [29.3 kB]
Get:48 http://archive.ubuntu.com/ubuntu xenial-updates/main amd64 libwind0-heimdal amd64 1.7~git20150920+dfsg-4ubuntu1.16.04.1 [47.8 kB]
Get:49 http://archive.ubuntu.com/ubuntu xenial-updates/main amd64 libhx509-5-heimdal amd64 1.7~git20150920+dfsg-4ubuntu1.16.04.1 [107 kB]
Get:50 http://archive.ubuntu.com/ubuntu xenial-updates/main amd64 libkrb5-26-heimdal amd64 1.7~git20150920+dfsg-4ubuntu1.16.04.1 [202 kB]
Get:51 http://archive.ubuntu.com/ubuntu xenial-updates/main amd64 libheimntlm0-heimdal amd64 1.7~git20150920+dfsg-4ubuntu1.16.04.1 [15.1 kB]
Get:52 http://archive.ubuntu.com/ubuntu xenial-updates/main amd64 libgssapi3-heimdal amd64 1.7~git20150920+dfsg-4ubuntu1.16.04.1 [96.1 kB]
Get:53 http://archive.ubuntu.com/ubuntu xenial-updates/main amd64 libsasl2-modules-db amd64 2.1.26.dfsg1-14ubuntu0.1 [14.5 kB]
Get:54 http://archive.ubuntu.com/ubuntu xenial-updates/main amd64 libsasl2-2 amd64 2.1.26.dfsg1-14ubuntu0.1 [48.6 kB]
Get:55 http://archive.ubuntu.com/ubuntu xenial-updates/main amd64 libldap-2.4-2 amd64 2.4.42+dfsg-2ubuntu3.4 [160 kB]
Get:56 http://archive.ubuntu.com/ubuntu xenial-updates/main amd64 librtmp1 amd64 2.4+20151223.gitfa8646d-1ubuntu0.1 [54.4 kB]
Get:57 http://archive.ubuntu.com/ubuntu xenial-updates/main amd64 libcurl3-gnutls amd64 7.47.0-1ubuntu2.11 [185 kB]
Get:58 http://archive.ubuntu.com/ubuntu xenial/main amd64 libedit2 amd64 3.1-20150325-1ubuntu2 [76.5 kB]
Get:59 http://archive.ubuntu.com/ubuntu xenial-updates/main amd64 libsasl2-modules amd64 2.1.26.dfsg1-14ubuntu0.1 [47.5 kB]
Get:60 http://archive.ubuntu.com/ubuntu xenial/main amd64 libxmuu1 amd64 2:1.1.2-2 [9674 B]
Get:61 http://archive.ubuntu.com/ubuntu xenial-updates/main amd64 openssh-client amd64 1:7.2p2-4ubuntu2.6 [584 kB]
Get:62 http://archive.ubuntu.com/ubuntu xenial-updates/main amd64 rsync amd64 3.1.1-3ubuntu1.2 [329 kB]
Get:63 http://archive.ubuntu.com/ubuntu xenial/main amd64 xauth amd64 1:1.0.9-1ubuntu2 [22.7 kB]
Get:64 http://archive.ubuntu.com/ubuntu xenial/main amd64 liberror-perl all 0.17-1.2 [19.6 kB]
Get:65 http://archive.ubuntu.com/ubuntu xenial-updates/main amd64 git-man all 1:2.7.4-0ubuntu1.6 [736 kB]
Get:66 http://archive.ubuntu.com/ubuntu xenial-updates/main amd64 git amd64 1:2.7.4-0ubuntu1.6 [3176 kB]
Get:67 http://archive.ubuntu.com/ubuntu xenial-updates/main amd64 patch amd64 2.7.5-1ubuntu0.16.04.1 [90.5 kB]
Get:68 http://archive.ubuntu.com/ubuntu xenial/main amd64 rename all 0.20-4 [12.0 kB]
debconf: delaying package configuration, since apt-utils is not installed
Fetched 20.7 MB in 2s (6955 kB/s)
(Reading database ... 4768 files and directories currently installed.)
Preparing to unpack .../perl-base_5.22.1-9ubuntu0.6_amd64.deb ...
Unpacking perl-base (5.22.1-9ubuntu0.6) over (5.22.1-9ubuntu0.5) ...
Setting up perl-base (5.22.1-9ubuntu0.6) ...
Selecting previously unselected package libatm1:amd64.
(Reading database ... 4768 files and directories currently installed.)
Preparing to unpack .../libatm1_1%3a2.5.1-1.5_amd64.deb ...
Unpacking libatm1:amd64 (1:2.5.1-1.5) ...
Selecting previously unselected package libmnl0:amd64.
Preparing to unpack .../libmnl0_1.0.3-5_amd64.deb ...
Unpacking libmnl0:amd64 (1.0.3-5) ...
Selecting previously unselected package libpopt0:amd64.
Preparing to unpack .../libpopt0_1.16-10_amd64.deb ...
Unpacking libpopt0:amd64 (1.16-10) ...
Selecting previously unselected package libgdbm3:amd64.
Preparing to unpack .../libgdbm3_1.8.3-13.1_amd64.deb ...
Unpacking libgdbm3:amd64 (1.8.3-13.1) ...
Selecting previously unselected package libxau6:amd64.
Preparing to unpack .../libxau6_1%3a1.0.8-1_amd64.deb ...
Unpacking libxau6:amd64 (1:1.0.8-1) ...
Selecting previously unselected package libxdmcp6:amd64.
Preparing to unpack .../libxdmcp6_1%3a1.1.2-1.1_amd64.deb ...
Unpacking libxdmcp6:amd64 (1:1.1.2-1.1) ...
Selecting previously unselected package libxcb1:amd64.
Preparing to unpack .../libxcb1_1.11.1-1ubuntu1_amd64.deb ...
Unpacking libxcb1:amd64 (1.11.1-1ubuntu1) ...
Selecting previously unselected package libx11-data.
Preparing to unpack .../libx11-data_2%3a1.6.3-1ubuntu2.1_all.deb ...
Unpacking libx11-data (2:1.6.3-1ubuntu2.1) ...
Selecting previously unselected package libx11-6:amd64.
Preparing to unpack .../libx11-6_2%3a1.6.3-1ubuntu2.1_amd64.deb ...
Unpacking libx11-6:amd64 (2:1.6.3-1ubuntu2.1) ...
Selecting previously unselected package libxext6:amd64.
Preparing to unpack .../libxext6_2%3a1.3.3-1_amd64.deb ...
Unpacking libxext6:amd64 (2:1.3.3-1) ...
Selecting previously unselected package perl-modules-5.22.
Preparing to unpack .../perl-modules-5.22_5.22.1-9ubuntu0.6_all.deb ...
Unpacking perl-modules-5.22 (5.22.1-9ubuntu0.6) ...
Selecting previously unselected package libperl5.22:amd64.
Preparing to unpack .../libperl5.22_5.22.1-9ubuntu0.6_amd64.deb ...
Unpacking libperl5.22:amd64 (5.22.1-9ubuntu0.6) ...
Selecting previously unselected package perl.
Preparing to unpack .../perl_5.22.1-9ubuntu0.6_amd64.deb ...
Unpacking perl (5.22.1-9ubuntu0.6) ...
Selecting previously unselected package iproute2.
Preparing to unpack .../iproute2_4.3.0-1ubuntu3.16.04.4_amd64.deb ...
Unpacking iproute2 (4.3.0-1ubuntu3.16.04.4) ...
Selecting previously unselected package ifupdown.
Preparing to unpack .../ifupdown_0.8.10ubuntu1.4_amd64.deb ...
Unpacking ifupdown (0.8.10ubuntu1.4) ...
Selecting previously unselected package libisc-export160.
Preparing to unpack .../libisc-export160_1%3a9.10.3.dfsg.P4-8ubuntu1.11_amd64.deb ...
Unpacking libisc-export160 (1:9.10.3.dfsg.P4-8ubuntu1.11) ...
Selecting previously unselected package libdns-export162.
Preparing to unpack .../libdns-export162_1%3a9.10.3.dfsg.P4-8ubuntu1.11_amd64.deb ...
Unpacking libdns-export162 (1:9.10.3.dfsg.P4-8ubuntu1.11) ...
Selecting previously unselected package isc-dhcp-client.
Preparing to unpack .../isc-dhcp-client_4.3.3-5ubuntu12.10_amd64.deb ...
Unpacking isc-dhcp-client (4.3.3-5ubuntu12.10) ...
Selecting previously unselected package isc-dhcp-common.
Preparing to unpack .../isc-dhcp-common_4.3.3-5ubuntu12.10_amd64.deb ...
Unpacking isc-dhcp-common (4.3.3-5ubuntu12.10) ...
Selecting previously unselected package less.
Preparing to unpack .../less_481-2.1ubuntu0.2_amd64.deb ...
Unpacking less (481-2.1ubuntu0.2) ...
Selecting previously unselected package libbsd0:amd64.
Preparing to unpack .../libbsd0_0.8.2-1_amd64.deb ...
Unpacking libbsd0:amd64 (0.8.2-1) ...
Selecting previously unselected package libexpat1:amd64.
Preparing to unpack .../libexpat1_2.1.0-7ubuntu0.16.04.3_amd64.deb ...
Unpacking libexpat1:amd64 (2.1.0-7ubuntu0.16.04.3) ...
Selecting previously unselected package libffi6:amd64.
Preparing to unpack .../libffi6_3.2.1-4_amd64.deb ...
Unpacking libffi6:amd64 (3.2.1-4) ...
Selecting previously unselected package libgmp10:amd64.
Preparing to unpack .../libgmp10_2%3a6.1.0+dfsg-2_amd64.deb ...
Unpacking libgmp10:amd64 (2:6.1.0+dfsg-2) ...
Selecting previously unselected package libnettle6:amd64.
Preparing to unpack .../libnettle6_3.2-1ubuntu0.16.04.1_amd64.deb ...
Unpacking libnettle6:amd64 (3.2-1ubuntu0.16.04.1) ...
Selecting previously unselected package libhogweed4:amd64.
Preparing to unpack .../libhogweed4_3.2-1ubuntu0.16.04.1_amd64.deb ...
Unpacking libhogweed4:amd64 (3.2-1ubuntu0.16.04.1) ...
Selecting previously unselected package libidn11:amd64.
Preparing to unpack .../libidn11_1.32-3ubuntu1.2_amd64.deb ...
Unpacking libidn11:amd64 (1.32-3ubuntu1.2) ...
Selecting previously unselected package libp11-kit0:amd64.
Preparing to unpack .../libp11-kit0_0.23.2-5~ubuntu16.04.1_amd64.deb ...
Unpacking libp11-kit0:amd64 (0.23.2-5~ubuntu16.04.1) ...
Selecting previously unselected package libtasn1-6:amd64.
Preparing to unpack .../libtasn1-6_4.7-3ubuntu0.16.04.3_amd64.deb ...
Unpacking libtasn1-6:amd64 (4.7-3ubuntu0.16.04.3) ...
Selecting previously unselected package libgnutls30:amd64.
Preparing to unpack .../libgnutls30_3.4.10-4ubuntu1.4_amd64.deb ...
Unpacking libgnutls30:amd64 (3.4.10-4ubuntu1.4) ...
Selecting previously unselected package libsqlite3-0:amd64.
Preparing to unpack .../libsqlite3-0_3.11.0-1ubuntu1_amd64.deb ...
Unpacking libsqlite3-0:amd64 (3.11.0-1ubuntu1) ...
Selecting previously unselected package libssl1.0.0:amd64.
Preparing to unpack .../libssl1.0.0_1.0.2g-1ubuntu4.14_amd64.deb ...
Unpacking libssl1.0.0:amd64 (1.0.2g-1ubuntu4.14) ...
Selecting previously unselected package libxtables11:amd64.
Preparing to unpack .../libxtables11_1.6.0-2ubuntu3_amd64.deb ...
Unpacking libxtables11:amd64 (1.6.0-2ubuntu3) ...
Selecting previously unselected package netbase.
Preparing to unpack .../archives/netbase_5.3_all.deb ...
Unpacking netbase (5.3) ...
Selecting previously unselected package openssl.
Preparing to unpack .../openssl_1.0.2g-1ubuntu4.14_amd64.deb ...
Unpacking openssl (1.0.2g-1ubuntu4.14) ...
Selecting previously unselected package ca-certificates.
Preparing to unpack .../ca-certificates_20170717~16.04.1_all.deb ...
Unpacking ca-certificates (20170717~16.04.1) ...
Selecting previously unselected package krb5-locales.
Preparing to unpack .../krb5-locales_1.13.2+dfsg-5ubuntu2_all.deb ...
Unpacking krb5-locales (1.13.2+dfsg-5ubuntu2) ...
Selecting previously unselected package libroken18-heimdal:amd64.
Preparing to unpack .../libroken18-heimdal_1.7~git20150920+dfsg-4ubuntu1.16.04.1_amd64.deb ...
Unpacking libroken18-heimdal:amd64 (1.7~git20150920+dfsg-4ubuntu1.16.04.1) ...
Selecting previously unselected package libasn1-8-heimdal:amd64.
Preparing to unpack .../libasn1-8-heimdal_1.7~git20150920+dfsg-4ubuntu1.16.04.1_amd64.deb ...
Unpacking libasn1-8-heimdal:amd64 (1.7~git20150920+dfsg-4ubuntu1.16.04.1) ...
Selecting previously unselected package libkrb5support0:amd64.
Preparing to unpack .../libkrb5support0_1.13.2+dfsg-5ubuntu2_amd64.deb ...
Unpacking libkrb5support0:amd64 (1.13.2+dfsg-5ubuntu2) ...
Selecting previously unselected package libk5crypto3:amd64.
Preparing to unpack .../libk5crypto3_1.13.2+dfsg-5ubuntu2_amd64.deb ...
Unpacking libk5crypto3:amd64 (1.13.2+dfsg-5ubuntu2) ...
Selecting previously unselected package libkeyutils1:amd64.
Preparing to unpack .../libkeyutils1_1.5.9-8ubuntu1_amd64.deb ...
Unpacking libkeyutils1:amd64 (1.5.9-8ubuntu1) ...
Selecting previously unselected package libkrb5-3:amd64.
Preparing to unpack .../libkrb5-3_1.13.2+dfsg-5ubuntu2_amd64.deb ...
Unpacking libkrb5-3:amd64 (1.13.2+dfsg-5ubuntu2) ...
Selecting previously unselected package libgssapi-krb5-2:amd64.
Preparing to unpack .../libgssapi-krb5-2_1.13.2+dfsg-5ubuntu2_amd64.deb ...
Unpacking libgssapi-krb5-2:amd64 (1.13.2+dfsg-5ubuntu2) ...
Selecting previously unselected package libhcrypto4-heimdal:amd64.
Preparing to unpack .../libhcrypto4-heimdal_1.7~git20150920+dfsg-4ubuntu1.16.04.1_amd64.deb ...
Unpacking libhcrypto4-heimdal:amd64 (1.7~git20150920+dfsg-4ubuntu1.16.04.1) ...
Selecting previously unselected package libheimbase1-heimdal:amd64.
Preparing to unpack .../libheimbase1-heimdal_1.7~git20150920+dfsg-4ubuntu1.16.04.1_amd64.deb ...
Unpacking libheimbase1-heimdal:amd64 (1.7~git20150920+dfsg-4ubuntu1.16.04.1) ...
Selecting previously unselected package libwind0-heimdal:amd64.
Preparing to unpack .../libwind0-heimdal_1.7~git20150920+dfsg-4ubuntu1.16.04.1_amd64.deb ...
Unpacking libwind0-heimdal:amd64 (1.7~git20150920+dfsg-4ubuntu1.16.04.1) ...
Selecting previously unselected package libhx509-5-heimdal:amd64.
Preparing to unpack .../libhx509-5-heimdal_1.7~git20150920+dfsg-4ubuntu1.16.04.1_amd64.deb ...
Unpacking libhx509-5-heimdal:amd64 (1.7~git20150920+dfsg-4ubuntu1.16.04.1) ...
Selecting previously unselected package libkrb5-26-heimdal:amd64.
Preparing to unpack .../libkrb5-26-heimdal_1.7~git20150920+dfsg-4ubuntu1.16.04.1_amd64.deb ...
Unpacking libkrb5-26-heimdal:amd64 (1.7~git20150920+dfsg-4ubuntu1.16.04.1) ...
Selecting previously unselected package libheimntlm0-heimdal:amd64.
Preparing to unpack .../libheimntlm0-heimdal_1.7~git20150920+dfsg-4ubuntu1.16.04.1_amd64.deb ...
Unpacking libheimntlm0-heimdal:amd64 (1.7~git20150920+dfsg-4ubuntu1.16.04.1) ...
Selecting previously unselected package libgssapi3-heimdal:amd64.
Preparing to unpack .../libgssapi3-heimdal_1.7~git20150920+dfsg-4ubuntu1.16.04.1_amd64.deb ...
Unpacking libgssapi3-heimdal:amd64 (1.7~git20150920+dfsg-4ubuntu1.16.04.1) ...
Selecting previously unselected package libsasl2-modules-db:amd64.
Preparing to unpack .../libsasl2-modules-db_2.1.26.dfsg1-14ubuntu0.1_amd64.deb ...
Unpacking libsasl2-modules-db:amd64 (2.1.26.dfsg1-14ubuntu0.1) ...
Selecting previously unselected package libsasl2-2:amd64.
Preparing to unpack .../libsasl2-2_2.1.26.dfsg1-14ubuntu0.1_amd64.deb ...
Unpacking libsasl2-2:amd64 (2.1.26.dfsg1-14ubuntu0.1) ...
Selecting previously unselected package libldap-2.4-2:amd64.
Preparing to unpack .../libldap-2.4-2_2.4.42+dfsg-2ubuntu3.4_amd64.deb ...
Unpacking libldap-2.4-2:amd64 (2.4.42+dfsg-2ubuntu3.4) ...
Selecting previously unselected package librtmp1:amd64.
Preparing to unpack .../librtmp1_2.4+20151223.gitfa8646d-1ubuntu0.1_amd64.deb ...
Unpacking librtmp1:amd64 (2.4+20151223.gitfa8646d-1ubuntu0.1) ...
Selecting previously unselected package libcurl3-gnutls:amd64.
Preparing to unpack .../libcurl3-gnutls_7.47.0-1ubuntu2.11_amd64.deb ...
Unpacking libcurl3-gnutls:amd64 (7.47.0-1ubuntu2.11) ...
Selecting previously unselected package libedit2:amd64.
Preparing to unpack .../libedit2_3.1-20150325-1ubuntu2_amd64.deb ...
Unpacking libedit2:amd64 (3.1-20150325-1ubuntu2) ...
Selecting previously unselected package libsasl2-modules:amd64.
Preparing to unpack .../libsasl2-modules_2.1.26.dfsg1-14ubuntu0.1_amd64.deb ...
Unpacking libsasl2-modules:amd64 (2.1.26.dfsg1-14ubuntu0.1) ...
Selecting previously unselected package libxmuu1:amd64.
Preparing to unpack .../libxmuu1_2%3a1.1.2-2_amd64.deb ...
Unpacking libxmuu1:amd64 (2:1.1.2-2) ...
Selecting previously unselected package openssh-client.
Preparing to unpack .../openssh-client_1%3a7.2p2-4ubuntu2.6_amd64.deb ...
Unpacking openssh-client (1:7.2p2-4ubuntu2.6) ...
Selecting previously unselected package rsync.
Preparing to unpack .../rsync_3.1.1-3ubuntu1.2_amd64.deb ...
Unpacking rsync (3.1.1-3ubuntu1.2) ...
Selecting previously unselected package xauth.
Preparing to unpack .../xauth_1%3a1.0.9-1ubuntu2_amd64.deb ...
Unpacking xauth (1:1.0.9-1ubuntu2) ...
Selecting previously unselected package liberror-perl.
Preparing to unpack .../liberror-perl_0.17-1.2_all.deb ...
Unpacking liberror-perl (0.17-1.2) ...
Selecting previously unselected package git-man.
Preparing to unpack .../git-man_1%3a2.7.4-0ubuntu1.6_all.deb ...
Unpacking git-man (1:2.7.4-0ubuntu1.6) ...
Selecting previously unselected package git.
Preparing to unpack .../git_1%3a2.7.4-0ubuntu1.6_amd64.deb ...
Unpacking git (1:2.7.4-0ubuntu1.6) ...
Selecting previously unselected package patch.
Preparing to unpack .../patch_2.7.5-1ubuntu0.16.04.1_amd64.deb ...
Unpacking patch (2.7.5-1ubuntu0.16.04.1) ...
Selecting previously unselected package rename.
Preparing to unpack .../archives/rename_0.20-4_all.deb ...
Unpacking rename (0.20-4) ...
Processing triggers for libc-bin (2.23-0ubuntu10) ...
Processing triggers for systemd (229-4ubuntu21.8) ...
Setting up libatm1:amd64 (1:2.5.1-1.5) ...
Setting up libmnl0:amd64 (1.0.3-5) ...
Setting up libpopt0:amd64 (1.16-10) ...
Setting up libgdbm3:amd64 (1.8.3-13.1) ...
Setting up libxau6:amd64 (1:1.0.8-1) ...
Setting up libxdmcp6:amd64 (1:1.1.2-1.1) ...
Setting up libxcb1:amd64 (1.11.1-1ubuntu1) ...
Setting up libx11-data (2:1.6.3-1ubuntu2.1) ...
Setting up libx11-6:amd64 (2:1.6.3-1ubuntu2.1) ...
Setting up libxext6:amd64 (2:1.3.3-1) ...
Setting up perl-modules-5.22 (5.22.1-9ubuntu0.6) ...
Setting up libperl5.22:amd64 (5.22.1-9ubuntu0.6) ...
Setting up perl (5.22.1-9ubuntu0.6) ...
update-alternatives: using /usr/bin/prename to provide /usr/bin/rename (rename) in auto mode
Setting up iproute2 (4.3.0-1ubuntu3.16.04.4) ...
Setting up ifupdown (0.8.10ubuntu1.4) ...
Creating /etc/network/interfaces.
Setting up libisc-export160 (1:9.10.3.dfsg.P4-8ubuntu1.11) ...
Setting up libdns-export162 (1:9.10.3.dfsg.P4-8ubuntu1.11) ...
Setting up isc-dhcp-client (4.3.3-5ubuntu12.10) ...
Setting up isc-dhcp-common (4.3.3-5ubuntu12.10) ...
Setting up less (481-2.1ubuntu0.2) ...
debconf: unable to initialize frontend: Dialog
debconf: (TERM is not set, so the dialog frontend is not usable.)
debconf: falling back to frontend: Readline
Setting up libbsd0:amd64 (0.8.2-1) ...
Setting up libexpat1:amd64 (2.1.0-7ubuntu0.16.04.3) ...
Setting up libffi6:amd64 (3.2.1-4) ...
Setting up libgmp10:amd64 (2:6.1.0+dfsg-2) ...
Setting up libnettle6:amd64 (3.2-1ubuntu0.16.04.1) ...
Setting up libhogweed4:amd64 (3.2-1ubuntu0.16.04.1) ...
Setting up libidn11:amd64 (1.32-3ubuntu1.2) ...
Setting up libp11-kit0:amd64 (0.23.2-5~ubuntu16.04.1) ...
Setting up libtasn1-6:amd64 (4.7-3ubuntu0.16.04.3) ...
Setting up libgnutls30:amd64 (3.4.10-4ubuntu1.4) ...
Setting up libsqlite3-0:amd64 (3.11.0-1ubuntu1) ...
Setting up libssl1.0.0:amd64 (1.0.2g-1ubuntu4.14) ...
debconf: unable to initialize frontend: Dialog
debconf: (TERM is not set, so the dialog frontend is not usable.)
debconf: falling back to frontend: Readline
Setting up libxtables11:amd64 (1.6.0-2ubuntu3) ...
Setting up netbase (5.3) ...
Setting up openssl (1.0.2g-1ubuntu4.14) ...
Setting up ca-certificates (20170717~16.04.1) ...
debconf: unable to initialize frontend: Dialog
debconf: (TERM is not set, so the dialog frontend is not usable.)
debconf: falling back to frontend: Readline
Setting up krb5-locales (1.13.2+dfsg-5ubuntu2) ...
Setting up libroken18-heimdal:amd64 (1.7~git20150920+dfsg-4ubuntu1.16.04.1) ...
Setting up libasn1-8-heimdal:amd64 (1.7~git20150920+dfsg-4ubuntu1.16.04.1) ...
Setting up libkrb5support0:amd64 (1.13.2+dfsg-5ubuntu2) ...
Setting up libk5crypto3:amd64 (1.13.2+dfsg-5ubuntu2) ...
Setting up libkeyutils1:amd64 (1.5.9-8ubuntu1) ...
Setting up libkrb5-3:amd64 (1.13.2+dfsg-5ubuntu2) ...
Setting up libgssapi-krb5-2:amd64 (1.13.2+dfsg-5ubuntu2) ...
Setting up libhcrypto4-heimdal:amd64 (1.7~git20150920+dfsg-4ubuntu1.16.04.1) ...
Setting up libheimbase1-heimdal:amd64 (1.7~git20150920+dfsg-4ubuntu1.16.04.1) ...
Setting up libwind0-heimdal:amd64 (1.7~git20150920+dfsg-4ubuntu1.16.04.1) ...
Setting up libhx509-5-heimdal:amd64 (1.7~git20150920+dfsg-4ubuntu1.16.04.1) ...
Setting up libkrb5-26-heimdal:amd64 (1.7~git20150920+dfsg-4ubuntu1.16.04.1) ...
Setting up libheimntlm0-heimdal:amd64 (1.7~git20150920+dfsg-4ubuntu1.16.04.1) ...
Setting up libgssapi3-heimdal:amd64 (1.7~git20150920+dfsg-4ubuntu1.16.04.1) ...
Setting up libsasl2-modules-db:amd64 (2.1.26.dfsg1-14ubuntu0.1) ...
Setting up libsasl2-2:amd64 (2.1.26.dfsg1-14ubuntu0.1) ...
Setting up libldap-2.4-2:amd64 (2.4.42+dfsg-2ubuntu3.4) ...
Setting up librtmp1:amd64 (2.4+20151223.gitfa8646d-1ubuntu0.1) ...
Setting up libcurl3-gnutls:amd64 (7.47.0-1ubuntu2.11) ...
Setting up libedit2:amd64 (3.1-20150325-1ubuntu2) ...
Setting up libsasl2-modules:amd64 (2.1.26.dfsg1-14ubuntu0.1) ...
Setting up libxmuu1:amd64 (2:1.1.2-2) ...
Setting up openssh-client (1:7.2p2-4ubuntu2.6) ...
Setting up rsync (3.1.1-3ubuntu1.2) ...
invoke-rc.d: could not determine current runlevel
invoke-rc.d: policy-rc.d denied execution of restart.
Setting up xauth (1:1.0.9-1ubuntu2) ...
Setting up liberror-perl (0.17-1.2) ...
Setting up git-man (1:2.7.4-0ubuntu1.6) ...
Setting up git (1:2.7.4-0ubuntu1.6) ...
Setting up patch (2.7.5-1ubuntu0.16.04.1) ...
Setting up rename (0.20-4) ...
update-alternatives: using /usr/bin/file-rename to provide /usr/bin/rename (rename) in auto mode
Processing triggers for libc-bin (2.23-0ubuntu10) ...
Processing triggers for systemd (229-4ubuntu21.8) ...
Processing triggers for ca-certificates (20170717~16.04.1) ...
Updating certificates in /etc/ssl/certs...
148 added, 0 removed; done.
Running hooks in /etc/ca-certificates/update.d...
done.
 ---> 97d74a3c8113
Removing intermediate container 11b3c119af59
Step 3/5 : RUN git clone https://hanumanad:chintu-123@github.com/hanumanad/test-repo.git /tmp/test-repo
 ---> Running in b1451e6d7a62
Cloning into '/tmp/test-repo'...
 ---> e39a9f715c4c
Removing intermediate container b1451e6d7a62
Step 4/5 : RUN apt-get update && apt-get install -y ansible
 ---> Running in 62ccc98e6117
Hit:1 http://security.ubuntu.com/ubuntu xenial-security InRelease
Hit:2 http://archive.ubuntu.com/ubuntu xenial InRelease
Hit:3 http://archive.ubuntu.com/ubuntu xenial-updates InRelease
Hit:4 http://archive.ubuntu.com/ubuntu xenial-backports InRelease
Reading package lists...
Reading package lists...
Building dependency tree...
Reading state information...
The following additional packages will be installed:
  file ieee-data libmagic1 libpython-stdlib libpython2.7-minimal
  libpython2.7-stdlib libyaml-0-2 mime-support python python-crypto
  python-ecdsa python-httplib2 python-jinja2 python-markupsafe python-minimal
  python-netaddr python-paramiko python-pkg-resources python-selinux
  python-six python-yaml python2.7 python2.7-minimal wget
Suggested packages:
  sshpass python-doc python-tk python-crypto-dbg python-crypto-doc
  python-jinja2-doc ipython python-netaddr-docs python-setuptools
  python2.7-doc binutils binfmt-support
The following NEW packages will be installed:
  ansible file ieee-data libmagic1 libpython-stdlib libpython2.7-minimal
  libpython2.7-stdlib libyaml-0-2 mime-support python python-crypto
  python-ecdsa python-httplib2 python-jinja2 python-markupsafe python-minimal
  python-netaddr python-paramiko python-pkg-resources python-selinux
  python-six python-yaml python2.7 python2.7-minimal wget
0 upgraded, 25 newly installed, 0 to remove and 4 not upgraded.
Need to get 7459 kB of archives.
After this operation, 39.8 MB of additional disk space will be used.
Get:1 http://archive.ubuntu.com/ubuntu xenial/main amd64 libyaml-0-2 amd64 0.1.6-3 [47.6 kB]
Get:2 http://archive.ubuntu.com/ubuntu xenial-updates/main amd64 libpython2.7-minimal amd64 2.7.12-1ubuntu0~16.04.4 [339 kB]
Get:3 http://archive.ubuntu.com/ubuntu xenial-updates/main amd64 python2.7-minimal amd64 2.7.12-1ubuntu0~16.04.4 [1261 kB]
Get:4 http://archive.ubuntu.com/ubuntu xenial-updates/main amd64 python-minimal amd64 2.7.12-1~16.04 [28.1 kB]
Get:5 http://archive.ubuntu.com/ubuntu xenial/main amd64 mime-support all 3.59ubuntu1 [31.0 kB]
Get:6 http://archive.ubuntu.com/ubuntu xenial-updates/main amd64 libpython2.7-stdlib amd64 2.7.12-1ubuntu0~16.04.4 [1880 kB]
Get:7 http://archive.ubuntu.com/ubuntu xenial-updates/main amd64 python2.7 amd64 2.7.12-1ubuntu0~16.04.4 [224 kB]
Get:8 http://archive.ubuntu.com/ubuntu xenial-updates/main amd64 libpython-stdlib amd64 2.7.12-1~16.04 [7768 B]
Get:9 http://archive.ubuntu.com/ubuntu xenial-updates/main amd64 python amd64 2.7.12-1~16.04 [137 kB]
Get:10 http://archive.ubuntu.com/ubuntu xenial-updates/main amd64 libmagic1 amd64 1:5.25-2ubuntu1.1 [216 kB]
Get:11 http://archive.ubuntu.com/ubuntu xenial-updates/main amd64 file amd64 1:5.25-2ubuntu1.1 [21.2 kB]
Get:12 http://archive.ubuntu.com/ubuntu xenial-updates/main amd64 wget amd64 1.17.1-1ubuntu1.4 [299 kB]
Get:13 http://archive.ubuntu.com/ubuntu xenial-updates/main amd64 python-crypto amd64 2.6.1-6ubuntu0.16.04.3 [246 kB]
Get:14 http://archive.ubuntu.com/ubuntu xenial/main amd64 python-markupsafe amd64 0.23-2build2 [15.5 kB]
Get:15 http://archive.ubuntu.com/ubuntu xenial/main amd64 python-jinja2 all 2.8-1 [109 kB]
Get:16 http://archive.ubuntu.com/ubuntu xenial/main amd64 python-six all 1.10.0-3 [10.9 kB]
Get:17 http://archive.ubuntu.com/ubuntu xenial/main amd64 python-ecdsa all 0.13-2 [34.0 kB]
Get:18 http://archive.ubuntu.com/ubuntu xenial-updates/main amd64 python-paramiko all 1.16.0-1ubuntu0.2 [110 kB]
Get:19 http://archive.ubuntu.com/ubuntu xenial/main amd64 python-pkg-resources all 20.7.0-1 [108 kB]
Get:20 http://archive.ubuntu.com/ubuntu xenial/main amd64 python-yaml amd64 3.11-3build1 [105 kB]
Get:21 http://archive.ubuntu.com/ubuntu xenial/main amd64 python-httplib2 all 0.9.1+dfsg-1 [34.2 kB]
Get:22 http://archive.ubuntu.com/ubuntu xenial/main amd64 ieee-data all 20150531.1 [830 kB]
Get:23 http://archive.ubuntu.com/ubuntu xenial/main amd64 python-netaddr all 0.7.18-1 [174 kB]
Get:24 http://archive.ubuntu.com/ubuntu xenial-updates/universe amd64 ansible all 2.0.0.2-2ubuntu1.1 [1018 kB]
Get:25 http://archive.ubuntu.com/ubuntu xenial/universe amd64 python-selinux amd64 2.4-3build2 [173 kB]
debconf: delaying package configuration, since apt-utils is not installed
Fetched 7459 kB in 1s (4665 kB/s)
Selecting previously unselected package libyaml-0-2:amd64.
(Reading database ... 8527 files and directories currently installed.)
Preparing to unpack .../libyaml-0-2_0.1.6-3_amd64.deb ...
Unpacking libyaml-0-2:amd64 (0.1.6-3) ...
Selecting previously unselected package libpython2.7-minimal:amd64.
Preparing to unpack .../libpython2.7-minimal_2.7.12-1ubuntu0~16.04.4_amd64.deb ...
Unpacking libpython2.7-minimal:amd64 (2.7.12-1ubuntu0~16.04.4) ...
Selecting previously unselected package python2.7-minimal.
Preparing to unpack .../python2.7-minimal_2.7.12-1ubuntu0~16.04.4_amd64.deb ...
Unpacking python2.7-minimal (2.7.12-1ubuntu0~16.04.4) ...
Selecting previously unselected package python-minimal.
Preparing to unpack .../python-minimal_2.7.12-1~16.04_amd64.deb ...
Unpacking python-minimal (2.7.12-1~16.04) ...
Selecting previously unselected package mime-support.
Preparing to unpack .../mime-support_3.59ubuntu1_all.deb ...
Unpacking mime-support (3.59ubuntu1) ...
Selecting previously unselected package libpython2.7-stdlib:amd64.
Preparing to unpack .../libpython2.7-stdlib_2.7.12-1ubuntu0~16.04.4_amd64.deb ...
Unpacking libpython2.7-stdlib:amd64 (2.7.12-1ubuntu0~16.04.4) ...
Selecting previously unselected package python2.7.
Preparing to unpack .../python2.7_2.7.12-1ubuntu0~16.04.4_amd64.deb ...
Unpacking python2.7 (2.7.12-1ubuntu0~16.04.4) ...
Selecting previously unselected package libpython-stdlib:amd64.
Preparing to unpack .../libpython-stdlib_2.7.12-1~16.04_amd64.deb ...
Unpacking libpython-stdlib:amd64 (2.7.12-1~16.04) ...
Setting up libpython2.7-minimal:amd64 (2.7.12-1ubuntu0~16.04.4) ...
Setting up python2.7-minimal (2.7.12-1ubuntu0~16.04.4) ...
Linking and byte-compiling packages for runtime python2.7...
Setting up python-minimal (2.7.12-1~16.04) ...
Selecting previously unselected package python.
(Reading database ... 9307 files and directories currently installed.)
Preparing to unpack .../python_2.7.12-1~16.04_amd64.deb ...
Unpacking python (2.7.12-1~16.04) ...
Selecting previously unselected package libmagic1:amd64.
Preparing to unpack .../libmagic1_1%3a5.25-2ubuntu1.1_amd64.deb ...
Unpacking libmagic1:amd64 (1:5.25-2ubuntu1.1) ...
Selecting previously unselected package file.
Preparing to unpack .../file_1%3a5.25-2ubuntu1.1_amd64.deb ...
Unpacking file (1:5.25-2ubuntu1.1) ...
Selecting previously unselected package wget.
Preparing to unpack .../wget_1.17.1-1ubuntu1.4_amd64.deb ...
Unpacking wget (1.17.1-1ubuntu1.4) ...
Selecting previously unselected package python-crypto.
Preparing to unpack .../python-crypto_2.6.1-6ubuntu0.16.04.3_amd64.deb ...
Unpacking python-crypto (2.6.1-6ubuntu0.16.04.3) ...
Selecting previously unselected package python-markupsafe.
Preparing to unpack .../python-markupsafe_0.23-2build2_amd64.deb ...
Unpacking python-markupsafe (0.23-2build2) ...
Selecting previously unselected package python-jinja2.
Preparing to unpack .../python-jinja2_2.8-1_all.deb ...
Unpacking python-jinja2 (2.8-1) ...
Selecting previously unselected package python-six.
Preparing to unpack .../python-six_1.10.0-3_all.deb ...
Unpacking python-six (1.10.0-3) ...
Selecting previously unselected package python-ecdsa.
Preparing to unpack .../python-ecdsa_0.13-2_all.deb ...
Unpacking python-ecdsa (0.13-2) ...
Selecting previously unselected package python-paramiko.
Preparing to unpack .../python-paramiko_1.16.0-1ubuntu0.2_all.deb ...
Unpacking python-paramiko (1.16.0-1ubuntu0.2) ...
Selecting previously unselected package python-pkg-resources.
Preparing to unpack .../python-pkg-resources_20.7.0-1_all.deb ...
Unpacking python-pkg-resources (20.7.0-1) ...
Selecting previously unselected package python-yaml.
Preparing to unpack .../python-yaml_3.11-3build1_amd64.deb ...
Unpacking python-yaml (3.11-3build1) ...
Selecting previously unselected package python-httplib2.
Preparing to unpack .../python-httplib2_0.9.1+dfsg-1_all.deb ...
Unpacking python-httplib2 (0.9.1+dfsg-1) ...
Selecting previously unselected package ieee-data.
Preparing to unpack .../ieee-data_20150531.1_all.deb ...
Unpacking ieee-data (20150531.1) ...
Selecting previously unselected package python-netaddr.
Preparing to unpack .../python-netaddr_0.7.18-1_all.deb ...
Unpacking python-netaddr (0.7.18-1) ...
Selecting previously unselected package ansible.
Preparing to unpack .../ansible_2.0.0.2-2ubuntu1.1_all.deb ...
Unpacking ansible (2.0.0.2-2ubuntu1.1) ...
Selecting previously unselected package python-selinux.
Preparing to unpack .../python-selinux_2.4-3build2_amd64.deb ...
Unpacking python-selinux (2.4-3build2) ...
Processing triggers for libc-bin (2.23-0ubuntu10) ...
Setting up libyaml-0-2:amd64 (0.1.6-3) ...
Setting up mime-support (3.59ubuntu1) ...
Setting up libpython2.7-stdlib:amd64 (2.7.12-1ubuntu0~16.04.4) ...
Setting up python2.7 (2.7.12-1ubuntu0~16.04.4) ...
Setting up libpython-stdlib:amd64 (2.7.12-1~16.04) ...
Setting up python (2.7.12-1~16.04) ...
Setting up libmagic1:amd64 (1:5.25-2ubuntu1.1) ...
Setting up file (1:5.25-2ubuntu1.1) ...
Setting up wget (1.17.1-1ubuntu1.4) ...
Setting up python-crypto (2.6.1-6ubuntu0.16.04.3) ...
Setting up python-markupsafe (0.23-2build2) ...
Setting up python-jinja2 (2.8-1) ...
Setting up python-six (1.10.0-3) ...
Setting up python-ecdsa (0.13-2) ...
Setting up python-paramiko (1.16.0-1ubuntu0.2) ...
Setting up python-pkg-resources (20.7.0-1) ...
Setting up python-yaml (3.11-3build1) ...
Setting up python-httplib2 (0.9.1+dfsg-1) ...
Setting up ieee-data (20150531.1) ...
Setting up python-netaddr (0.7.18-1) ...
Setting up ansible (2.0.0.2-2ubuntu1.1) ...
Setting up python-selinux (2.4-3build2) ...
Processing triggers for libc-bin (2.23-0ubuntu10) ...
 ---> 2bfc64df6558
Removing intermediate container 62ccc98e6117
Step 5/5 : RUN ansible-playbook /tmp/test-repo/install_apache.yaml -c local
 ---> Running in ee810a552377
 [WARNING]: provided hosts list is empty, only localhost is available

PLAY ***************************************************************************

TASK [setup] *******************************************************************
ok: [localhost]

TASK [Install Apache] **********************************************************
changed: [localhost]

TASK [Copying sample HTML File] ************************************************
 [WARNING]: Calculating checksum failed unusually, please report this to the
list so it can be fixed command: rc=flag; [ -r /var/www/html ] || rc=2; [ -f
/var/www/html ] || rc=1; [ -d /var/www/html ] && rc=3; /usr/bin/python -V
2>/dev/null || rc=4; [ x"$rc" != "xflag" ] && echo "${rc}  "/var/www/html &&
exit 0; (/usr/bin/python -c 'import hashlib; BLOCKSIZE = 65536; hasher =
hashlib.sha1(); afile = open("'/var/www/html'", "rb") buf =
afile.read(BLOCKSIZE) while len(buf) > 0:         hasher.update(buf)
buf = afile.read(BLOCKSIZE) afile.close() print(hasher.hexdigest())'
2>/dev/null) || (/usr/bin/python -c 'import sha; BLOCKSIZE = 65536; hasher =
sha.sha(); afile = open("'/var/www/html'", "rb") buf = afile.read(BLOCKSIZE)
while len(buf) > 0:         hasher.update(buf)         buf =
afile.read(BLOCKSIZE) afile.close() print(hasher.hexdigest())' 2>/dev/null) ||
(echo '0  '/var/www/html) ---- output: {'stdout_lines': [], 'stdout': u'',
'stderr': u'/bin/sh: 1: sudo: not found\n', 'rc': 127} ----
changed: [localhost]

TASK [Restarting httpd services] ***********************************************
changed: [localhost]

PLAY RECAP *********************************************************************
localhost                  : ok=4    changed=3    unreachable=0    failed=0

 ---> e78751187ed4
Removing intermediate container ee810a552377
Successfully built e78751187ed4
Successfully tagged test_webapp:latest
WARNING: Image for service webapp was built because it did not already exist. To rebuild this image you must use `docker-compose build` or `docker-compose up --build`.
Creating test_webapp_1_2f63788e3b78 ... done
Attaching to test_webapp_1_171f86c19b70
test_webapp_1_171f86c19b70 exited with code 0
root@msr-test-instance-1:~/test# docker images
REPOSITORY          TAG                 IMAGE ID            CREATED             SIZE
test_webapp         latest              e78751187ed4        24 seconds ago      377MB
ubuntu              16.04               a51debf7e1eb        3 weeks ago         116MB
root@msr-test-instance-1:~/test# docker ps -a
CONTAINER ID        IMAGE               COMMAND             CREATED             STATUS                      PORTS               NAMES
a5b1db405546        test_webapp         "/bin/bash"         32 seconds ago      Exited (0) 32 seconds ago                       test_webapp_1_171f86c19b70
root@msr-test-instance-1:~/test#

